[demo.hasthemes.com/mitech-preview/index.html]
[backblue.gif]
[fade.gif]
[index.html]
[demo.hasthemes.com/mitech-preview/assets/images/favicon.png]
[demo.hasthemes.com/mitech-preview/assets/css/vendor/vendor.min.css]
[demo.hasthemes.com/mitech-preview/assets/css/plugins/plugins.min.css]
[demo.hasthemes.com/mitech-preview/assets/css/style.css]
[demo.hasthemes.com/mitech-preview/assets/images/logo/light-logo.png]
[demo.hasthemes.com/mitech-preview/assets/images/logo/dark-logo.png]
[demo.hasthemes.com/mitech-preview/element-accordion.html]
[demo.hasthemes.com/mitech-preview/element-box-icon.html]
[demo.hasthemes.com/mitech-preview/element-box-image.html]
[demo.hasthemes.com/mitech-preview/element-box-large-image.html]
[demo.hasthemes.com/mitech-preview/element-buttons.html]
[demo.hasthemes.com/mitech-preview/element-cta.html]
[demo.hasthemes.com/mitech-preview/element-client-logo.html]
[demo.hasthemes.com/mitech-preview/element-countdown.html]
[demo.hasthemes.com/mitech-preview/element-counters.html]
[demo.hasthemes.com/mitech-preview/element-dividers.html]
[demo.hasthemes.com/mitech-preview/element-flexible-image-slider.html]
[demo.hasthemes.com/mitech-preview/element-google-map.html]
[demo.hasthemes.com/mitech-preview/element-gradation.html]
[demo.hasthemes.com/mitech-preview/element-instagram.html]
[demo.hasthemes.com/mitech-preview/element-lists.html]
[demo.hasthemes.com/mitech-preview/element-message-box.html]
[demo.hasthemes.com/mitech-preview/element-pricing-box.html]
[demo.hasthemes.com/mitech-preview/element-popup-video.html]
[demo.hasthemes.com/mitech-preview/element-progress-bar.html]
[demo.hasthemes.com/mitech-preview/element-progress-circle.html]
[demo.hasthemes.com/mitech-preview/element-rows-columns.html]
[demo.hasthemes.com/mitech-preview/element-social-networks.html]
[demo.hasthemes.com/mitech-preview/element-tabs.html]
[demo.hasthemes.com/mitech-preview/element-team-member.html]
[demo.hasthemes.com/mitech-preview/element-testimonials.html]
[demo.hasthemes.com/mitech-preview/element-timeline.html]
[demo.hasthemes.com/mitech-preview/element-carousel-sliders.html]
[demo.hasthemes.com/mitech-preview/element-typed-text.html]
[demo.hasthemes.com/mitech-preview/assets/images/hero/mitech-landing-main-slider-slide-01-image-04.png]
[demo.hasthemes.com/mitech-preview/assets/images/hero/mitech-landing-main-slider-slide-01-image-01.png]
[demo.hasthemes.com/mitech-preview/assets/images/hero/mitech-landing-main-slider-slide-01-image-02.png]
[demo.hasthemes.com/mitech-preview/assets/images/hero/mitech-landing-main-slider-slide-01-image-03.png]
[demo.hasthemes.com/mitech-preview/assets/images/hero/mitech-landing-main-slider-slide-01-image-05.png]
[demo.hasthemes.com/mitech-preview/assets/images/icons/mitech-processing-service-image-01-80x83.png]
[demo.hasthemes.com/mitech-preview/assets/images/icons/mitech-processing-service-image-02-80x83.png]
[demo.hasthemes.com/mitech-preview/assets/images/icons/mitech-processing-service-image-03-80x83.png]
[demo.hasthemes.com/mitech-preview/assets/images/icons/mitech-processing-service-image-04-80x83.png]
[demo.hasthemes.com/mitech-preview/assets/images/icons/mitech-processing-service-image-05-80x83.png]
[demo.hasthemes.com/mitech-preview/index-appointment.html]
[demo.hasthemes.com/mitech-preview/assets/images/preview/mitech-landing-home-appointment-preview-480x338.jpg]
[demo.hasthemes.com/mitech-preview/index-infotechno.html]
[demo.hasthemes.com/mitech-preview/assets/images/preview/mitech-landing-home-infotechno-preview-480x338.jpg]
[demo.hasthemes.com/mitech-preview/index-processing.html]
[demo.hasthemes.com/mitech-preview/assets/images/preview/mitech-landing-home-processing-preview-480x338.jpg]
[demo.hasthemes.com/mitech-preview/index-services.html]
[demo.hasthemes.com/mitech-preview/assets/images/preview/mitech-landing-home-services-preview-480x338.jpg]
[demo.hasthemes.com/mitech-preview/index-resolutions.html]
[demo.hasthemes.com/mitech-preview/assets/images/preview/mitech-landing-home-resolutions-preview-480x338.jpg]
[demo.hasthemes.com/mitech-preview/index-cybersecurity.html]
[demo.hasthemes.com/mitech-preview/assets/images/preview/mitech-landing-home-cybersecurity-preview-480x338.jpg]
[demo.hasthemes.com/mitech-preview/assets/images/preview/mitech-landing-case-study-preview.jpg]
[demo.hasthemes.com/mitech-preview/case-studies.html]
[demo.hasthemes.com/mitech-preview/blog-list-large-image.html]
[demo.hasthemes.com/mitech-preview/assets/images/preview/mitech-landing-header-preview-image.png]
[demo.hasthemes.com/mitech-preview/assets/images/preview/mitech-landing-blog-preview.jpg]
[demo.hasthemes.com/mitech-preview/assets/images/preview/mitech-landing-plugin-slider-86x86.png]
[demo.hasthemes.com/mitech-preview/assets/images/preview/mitech-landing-plugin-font-awesome-86x86.png]
[demo.hasthemes.com/mitech-preview/assets/images/preview/mitech-landing-extended-plugins-preview.png]
[demo.hasthemes.com/mitech-preview/assets/images/icons/mitech-landing-theme-feature-01-68x68.jpg]
[demo.hasthemes.com/mitech-preview/assets/images/icons/mitech-landing-theme-feature-02-68x68.png]
[demo.hasthemes.com/mitech-preview/assets/images/icons/mitech-landing-theme-feature-03-68x68.png]
[demo.hasthemes.com/mitech-preview/assets/images/icons/mitech-landing-theme-feature-04-68x68.png]
[demo.hasthemes.com/mitech-preview/assets/images/icons/mitech-landing-theme-feature-05-68x68.png]
[demo.hasthemes.com/mitech-preview/assets/images/icons/mitech-landing-theme-feature-06-68x68.png]
[demo.hasthemes.com/mitech-preview/assets/images/demo-images/home-01.jpg]
[demo.hasthemes.com/mitech-preview/assets/images/demo-images/home-02.jpg]
[demo.hasthemes.com/mitech-preview/assets/images/demo-images/home-03.jpg]
[demo.hasthemes.com/mitech-preview/assets/images/demo-images/home-04.jpg]
[demo.hasthemes.com/mitech-preview/assets/images/demo-images/home-05.jpg]
[demo.hasthemes.com/mitech-preview/assets/images/demo-images/home-06.jpg]
[demo.hasthemes.com/mitech-preview/assets/images/logo/logo-dark.png]
[demo.hasthemes.com/mitech-preview/assets/js/vendor/modernizr-2.8.3.min.js]
[demo.hasthemes.com/mitech-preview/assets/js/vendor/jquery-3.5.1.min.js]
[demo.hasthemes.com/mitech-preview/assets/js/vendor/jquery-migrate-3.3.0.min.js]
[demo.hasthemes.com/mitech-preview/assets/js/vendor/bootstrap.min.js]
[demo.hasthemes.com/mitech-preview/assets/js/plugins/plugins.min.js]
[demo.hasthemes.com/mitech-preview/index.html]
[demo.hasthemes.com/mitech-preview/assets/js/main.js]
[demo.hasthemes.com/mitech-preview/assets/fonts/cerebrisans/CerebriSans-Regular.eot]
[demo.hasthemes.com/mitech-preview/assets/fonts/cerebrisans/CerebriSans-Regular.ttf]
[demo.hasthemes.com/mitech-preview/assets/fonts/cerebrisans/CerebriSans-Regular.woff]
[demo.hasthemes.com/mitech-preview/assets/fonts/cerebrisans/CerebriSans-Regular.svg]
[demo.hasthemes.com/mitech-preview/assets/fonts/cerebrisans/CerebriSans-Italic.eot]
[demo.hasthemes.com/mitech-preview/assets/fonts/cerebrisans/CerebriSans-Italic.ttf]
[demo.hasthemes.com/mitech-preview/assets/fonts/cerebrisans/CerebriSans-Italic.woff]
[demo.hasthemes.com/mitech-preview/assets/fonts/cerebrisans/CerebriSans-Italic.svg]
[demo.hasthemes.com/mitech-preview/assets/fonts/cerebrisans/CerebriSans-Light.eot]
[demo.hasthemes.com/mitech-preview/assets/fonts/cerebrisans/CerebriSans-Light.ttf]
[demo.hasthemes.com/mitech-preview/assets/fonts/cerebrisans/CerebriSans-Light.woff]
[demo.hasthemes.com/mitech-preview/assets/fonts/cerebrisans/CerebriSans-Light.svg]
[demo.hasthemes.com/mitech-preview/assets/fonts/cerebrisans/CerebriSans-Medium.eot]
[demo.hasthemes.com/mitech-preview/assets/fonts/cerebrisans/CerebriSans-Medium.ttf]
[demo.hasthemes.com/mitech-preview/assets/fonts/cerebrisans/CerebriSans-Medium.woff]
[demo.hasthemes.com/mitech-preview/assets/fonts/cerebrisans/CerebriSans-Medium.svg]
[demo.hasthemes.com/mitech-preview/assets/fonts/cerebrisans/CerebriSans-SemiBold.eot]
[demo.hasthemes.com/mitech-preview/assets/fonts/cerebrisans/CerebriSans-SemiBold.ttf]
[demo.hasthemes.com/mitech-preview/assets/fonts/cerebrisans/CerebriSans-SemiBold.woff]
[demo.hasthemes.com/mitech-preview/assets/fonts/cerebrisans/CerebriSans-SemiBold.svg]
[demo.hasthemes.com/mitech-preview/assets/fonts/cerebrisans/CerebriSans-Bold.eot]
[demo.hasthemes.com/mitech-preview/assets/fonts/cerebrisans/CerebriSans-Bold.ttf]
[demo.hasthemes.com/mitech-preview/assets/fonts/cerebrisans/CerebriSans-Bold.woff]
[demo.hasthemes.com/mitech-preview/assets/fonts/cerebrisans/CerebriSans-Bold.svg]
[demo.hasthemes.com/mitech-preview/assets/fonts/cerebrisans/CerebriSans-ExtraBold.eot]
[demo.hasthemes.com/mitech-preview/assets/fonts/cerebrisans/CerebriSans-ExtraBold.ttf]
[demo.hasthemes.com/mitech-preview/assets/fonts/cerebrisans/CerebriSans-ExtraBold.woff]
[demo.hasthemes.com/mitech-preview/assets/fonts/cerebrisans/CerebriSans-ExtraBold.svg]
[demo.hasthemes.com/mitech-preview/assets/fonts/cerebrisans/CerebriSans-Heavy.eot]
[demo.hasthemes.com/mitech-preview/assets/fonts/cerebrisans/CerebriSans-Heavy.ttf]
[demo.hasthemes.com/mitech-preview/assets/fonts/cerebrisans/CerebriSans-Heavy.woff]
[demo.hasthemes.com/mitech-preview/assets/fonts/cerebrisans/CerebriSans-Heavy.svg]
[demo.hasthemes.com/mitech-preview/assets/fonts/fa-brands-400.eot]
[demo.hasthemes.com/mitech-preview/assets/fonts/fa-brands-400d41d.eot]
[demo.hasthemes.com/mitech-preview/assets/fonts/fa-brands-400.woff2]
[demo.hasthemes.com/mitech-preview/assets/fonts/fa-brands-400.woff]
[demo.hasthemes.com/mitech-preview/assets/fonts/fa-brands-400.ttf]
[demo.hasthemes.com/mitech-preview/assets/fonts/fa-brands-400.svg]
[demo.hasthemes.com/mitech-preview/assets/fonts/fa-light-300.eot]
[demo.hasthemes.com/mitech-preview/assets/fonts/fa-light-300d41d.eot]
[demo.hasthemes.com/mitech-preview/assets/fonts/fa-light-300.woff2]
[demo.hasthemes.com/mitech-preview/assets/fonts/fa-light-300.woff]
[demo.hasthemes.com/mitech-preview/assets/fonts/fa-light-300.ttf]
[demo.hasthemes.com/mitech-preview/assets/fonts/fa-regular-400.eot]
[demo.hasthemes.com/mitech-preview/assets/fonts/fa-light-300.svg]
[demo.hasthemes.com/mitech-preview/assets/fonts/fa-regular-400d41d.eot]
[demo.hasthemes.com/mitech-preview/assets/fonts/fa-regular-400.woff2]
[demo.hasthemes.com/mitech-preview/assets/fonts/fa-regular-400.woff]
[demo.hasthemes.com/mitech-preview/assets/fonts/fa-regular-400.ttf]
[demo.hasthemes.com/mitech-preview/assets/fonts/fa-solid-900.eot]
[demo.hasthemes.com/mitech-preview/assets/fonts/fa-solid-900d41d.eot]
[demo.hasthemes.com/mitech-preview/assets/fonts/fa-regular-400.svg]
[demo.hasthemes.com/mitech-preview/assets/fonts/fa-solid-900.woff2]
[demo.hasthemes.com/mitech-preview/assets/fonts/fa-solid-900.woff]
[demo.hasthemes.com/mitech-preview/assets/fonts/fa-solid-900.ttf]
[demo.hasthemes.com/mitech-preview/assets/css/vendor/vendor.min.css]
[demo.hasthemes.com/mitech-preview/assets/fonts/fa-solid-900.svg]
[demo.hasthemes.com/mitech-preview/assets/fonts/lgd641.eot]
[demo.hasthemes.com/mitech-preview/assets/fonts/lgd41d.eot]
[demo.hasthemes.com/mitech-preview/assets/fonts/lgd641.woff]
[demo.hasthemes.com/mitech-preview/assets/fonts/lgd641.ttf]
[demo.hasthemes.com/mitech-preview/assets/fonts/lgd641.svg]
[demo.hasthemes.com/mitech-preview/assets/css/plugins/plugins.min.css]
[demo.hasthemes.com/mitech-preview/assets/images/icons/selector-icon.png]
[demo.hasthemes.com/mitech-preview/assets/images/bg/title-bar-01-bg.jpg]
[demo.hasthemes.com/mitech-preview/assets/images/icons/light-close.png]
[demo.hasthemes.com/mitech-preview/assets/images/patterns/mitech-call-to-action-image-global.png]
[demo.hasthemes.com/mitech-preview/assets/images/patterns/mitech-home-appointment-call-to-action-bg-image.png]
[demo.hasthemes.com/mitech-preview/assets/images/bg/home-resolutions-hero-bg-image.jpg]
[demo.hasthemes.com/mitech-preview/assets/images/patterns/mitech-home-infotechno-case-study-section-bg.png]
[demo.hasthemes.com/mitech-preview/assets/images/bg/home-appointment-contact-bg-image.png]
[demo.hasthemes.com/mitech-preview/assets/images/bg/mitech-home-services-contact-bg.png]
[demo.hasthemes.com/mitech-preview/assets/images/bg/mitech-processing-contact-bg.png]
[demo.hasthemes.com/mitech-preview/assets/images/bg/home-infotechno-contact-bg.jpg]
[demo.hasthemes.com/mitech-preview/assets/images/icons/quote.png]
[demo.hasthemes.com/mitech-preview/assets/images/patterns/mitech-home-infotechno-section-company-bg.png]
[demo.hasthemes.com/mitech-preview/assets/images/bg/home-infotechno-video-intro-bg.jpg]
[demo.hasthemes.com/mitech-preview/assets/images/hero/slider-processing-slide-01-bg.jpg]
[demo.hasthemes.com/mitech-preview/assets/images/hero/home-appointment-hero-bg-image.jpg]
[demo.hasthemes.com/mitech-preview/assets/images/hero/home-services-hero-bg.jpg]
[demo.hasthemes.com/mitech-preview/assets/images/icons/hero-selector-icon.png]
[demo.hasthemes.com/mitech-preview/assets/images/hero/home-resolutions-hero-bg-image.jpg]
[demo.hasthemes.com/mitech-preview/assets/images/bg/contact-us-01-hero-bg.jpg]
[demo.hasthemes.com/mitech-preview/assets/images/bg/mitech-slider-cybersecurity-global-image.png]
[demo.hasthemes.com/mitech-preview/assets/images/hero/mitech-landing-main-slider-bg.jpg]
[demo.hasthemes.com/mitech-preview/assets/images/preview/mitech-landing-header-preview-bg.png]
[demo.hasthemes.com/mitech-preview/assets/images/preview/mitech-landing-footer-bg-01.jpg]
[demo.hasthemes.com/mitech-preview/assets/css/style.css]
[demo.hasthemes.com/mitech-preview/about-us-01.html]
[demo.hasthemes.com/mitech-preview/about-us-02.html]
[demo.hasthemes.com/mitech-preview/contact-us.html]
[demo.hasthemes.com/mitech-preview/leadership.html]
[demo.hasthemes.com/mitech-preview/why-choose-us.html]
[demo.hasthemes.com/mitech-preview/our-history.html]
[demo.hasthemes.com/mitech-preview/faqs.html]
[demo.hasthemes.com/mitech-preview/careers.html]
[demo.hasthemes.com/mitech-preview/pricing-plans.html]
[demo.hasthemes.com/mitech-preview/it-services.html]
[demo.hasthemes.com/mitech-preview/industries.html]
[demo.hasthemes.com/mitech-preview/managed-it-service.html]
[demo.hasthemes.com/mitech-preview/business-solution.html]
[demo.hasthemes.com/mitech-preview/it-services-details.html]
[demo.hasthemes.com/mitech-preview/case-studies-02.html]
[demo.hasthemes.com/mitech-preview/single-smart-vision.html]
[demo.hasthemes.com/mitech-preview/blog-list-left-large-image.html]
[demo.hasthemes.com/mitech-preview/blog-grid-classic.html]
[demo.hasthemes.com/mitech-preview/blog-grid-masonry.html]
[demo.hasthemes.com/mitech-preview/blog-post-layout-one.html]
[demo.hasthemes.com/mitech-preview/blog-post-right-sidebar.html]
[demo.hasthemes.com/mitech-preview/assets/images/flags/en.png]
[demo.hasthemes.com/mitech-preview/blog-post-no-sidebar.html]
[demo.hasthemes.com/mitech-preview/assets/images/flags/fr.png]
[demo.hasthemes.com/mitech-preview/assets/images/flags/de.png]
[demo.hasthemes.com/mitech-preview/assets/images/logo/dark-logo-160x48.png]
[demo.hasthemes.com/mitech-preview/assets/images/icons/aeroland-button-google-play.jpg]
[demo.hasthemes.com/mitech-preview/element-accordion.html]
[demo.hasthemes.com/mitech-preview/assets/images/icons/aeroland-button-app-store.jpg]
[demo.hasthemes.com/mitech-preview/assets/images/svg/linea-basic-heart.svg]
[demo.hasthemes.com/mitech-preview/assets/images/svg/linea-basic-case.svg]
[demo.hasthemes.com/mitech-preview/assets/images/svg/linea-basic-alarm.svg]
[demo.hasthemes.com/mitech-preview/assets/images/svg/linea-basic-geolocalize-05.svg]
[demo.hasthemes.com/mitech-preview/assets/images/svg/linea-ecommerce-money.svg]
[demo.hasthemes.com/mitech-preview/assets/images/svg/linea-basic-spread-text-bookmark.svg]
[demo.hasthemes.com/mitech-preview/assets/images/svg/linea-music-headphones.svg]
[demo.hasthemes.com/mitech-preview/assets/images/svg/linea-basic-gear.svg]
[demo.hasthemes.com/mitech-preview/element-box-icon.html]
[demo.hasthemes.com/mitech-preview/assets/images/icons/mitech-box-image-style-01-image-01-100x108.png]
[demo.hasthemes.com/mitech-preview/assets/images/icons/mitech-box-image-style-01-image-02-100x108.png]
[demo.hasthemes.com/mitech-preview/assets/images/icons/mitech-box-image-style-01-image-03-100x108.png]
[demo.hasthemes.com/mitech-preview/assets/images/icons/mitech-box-image-style-01-image-04-100x108.png]
[demo.hasthemes.com/mitech-preview/assets/images/icons/mitech-box-image-style-01-image-05-100x108.png]
[demo.hasthemes.com/mitech-preview/assets/images/icons/mitech-box-image-style-01-image-06-100x108.png]
[demo.hasthemes.com/mitech-preview/assets/images/icons/mitech-processing-service-image-06-80x83.png]
[demo.hasthemes.com/mitech-preview/assets/images/icons/mitech-box-image-style-05-image-01-60x60.png]
[demo.hasthemes.com/mitech-preview/assets/images/icons/mitech-box-image-style-05-image-02-60x60.png]
[demo.hasthemes.com/mitech-preview/assets/images/icons/mitech-box-image-style-05-image-03-60x60.png]
[demo.hasthemes.com/mitech-preview/assets/images/icons/mitech-box-image-style-05-image-04-60x60.png]
[demo.hasthemes.com/mitech-preview/assets/images/icons/mitech-box-image-style-05-image-05-60x60.png]
[demo.hasthemes.com/mitech-preview/assets/images/icons/mitech-box-image-style-05-image-06-60x60.png]
[demo.hasthemes.com/mitech-preview/assets/images/icons/mitech-home-resolutions-box-image-01-100x98.png]
[demo.hasthemes.com/mitech-preview/assets/images/icons/mitech-home-resolutions-box-image-01-hover-100x98.png]
[demo.hasthemes.com/mitech-preview/assets/images/icons/mitech-home-resolutions-box-image-02-100x98.png]
[demo.hasthemes.com/mitech-preview/assets/images/icons/mitech-home-resolutions-box-image-02-hover-100x98.png]
[demo.hasthemes.com/mitech-preview/assets/images/icons/mitech-home-resolutions-box-image-03-100x98.png]
[demo.hasthemes.com/mitech-preview/assets/images/icons/mitech-home-resolutions-box-image-03-hover-100x98.png]
[demo.hasthemes.com/mitech-preview/assets/images/icons/mitech-box-image-style-06-image-01-120x120.png]
[demo.hasthemes.com/mitech-preview/assets/images/icons/mitech-box-image-style-06-image-02-120x120.png]
[demo.hasthemes.com/mitech-preview/assets/images/icons/mitech-box-image-style-06-image-03-120x120.png]
[demo.hasthemes.com/mitech-preview/element-box-image.html]
[demo.hasthemes.com/mitech-preview/assets/images/box-image/blog-01-330x330.jpg]
[demo.hasthemes.com/mitech-preview/assets/images/box-image/mitech-home-infotechno-box-large-image-02-330x330.jpg]
[demo.hasthemes.com/mitech-preview/assets/images/box-image/mitech-home-infotechno-box-large-image-03-330x330.jpg]
[demo.hasthemes.com/mitech-preview/assets/images/box-image/blog-01-480x298.jpg]
[demo.hasthemes.com/mitech-preview/assets/images/box-image/mitech-home-infotechno-box-large-image-03-480x298.jpg]
[demo.hasthemes.com/mitech-preview/assets/images/box-image/mitech-home-infotechno-box-large-image-02-480x298.jpg]
[demo.hasthemes.com/mitech-preview/element-box-large-image.html]
[demo.hasthemes.com/mitech-preview/assets/images/icons/aeroland-black-button-google-play.jpg]
[demo.hasthemes.com/mitech-preview/element-buttons.html]
[demo.hasthemes.com/mitech-preview/element-cta.html]
[demo.hasthemes.com/mitech-preview/assets/images/brand/mitech-client-logo-01.png]
[demo.hasthemes.com/mitech-preview/assets/images/brand/mitech-client-logo-01-hover.png]
[demo.hasthemes.com/mitech-preview/assets/images/brand/mitech-client-logo-02.png]
[demo.hasthemes.com/mitech-preview/assets/images/brand/mitech-client-logo-02-hover.png]
[demo.hasthemes.com/mitech-preview/assets/images/brand/mitech-client-logo-03.png]
[demo.hasthemes.com/mitech-preview/assets/images/brand/mitech-client-logo-03-hover.png]
[demo.hasthemes.com/mitech-preview/assets/images/brand/mitech-client-logo-04.png]
[demo.hasthemes.com/mitech-preview/assets/images/brand/mitech-client-logo-04-hover.png]
[demo.hasthemes.com/mitech-preview/assets/images/brand/mitech-client-logo-05.png]
[demo.hasthemes.com/mitech-preview/assets/images/brand/mitech-client-logo-05-hover.png]
[demo.hasthemes.com/mitech-preview/assets/images/brand/mitech-client-logo-06.png]
[demo.hasthemes.com/mitech-preview/assets/images/brand/mitech-client-logo-06-hover.png]
[demo.hasthemes.com/mitech-preview/assets/images/brand/mitech-client-logo-07.png]
[demo.hasthemes.com/mitech-preview/assets/images/brand/mitech-client-logo-07-hover.png]
[demo.hasthemes.com/mitech-preview/assets/images/brand/mitech-client-logo-08.png]
[demo.hasthemes.com/mitech-preview/assets/images/brand/mitech-client-logo-08-hover.png]
[demo.hasthemes.com/mitech-preview/assets/images/brand/mitech-client-logo-09.png]
[demo.hasthemes.com/mitech-preview/assets/images/brand/mitech-client-logo-09-hover.png]
[demo.hasthemes.com/mitech-preview/element-client-logo.html]
[demo.hasthemes.com/mitech-preview/element-countdown.html]
[demo.hasthemes.com/mitech-preview/element-counters.html]
[demo.hasthemes.com/mitech-preview/element-dividers.html]
[demo.hasthemes.com/mitech-preview/assets/images/blog/blog-02-1170x600.jpg]
[demo.hasthemes.com/mitech-preview/assets/images/blog/blog-03-1170x600.jpg]
[demo.hasthemes.com/mitech-preview/assets/images/blog/blog-04-1170x600.jpg]
[demo.hasthemes.com/mitech-preview/assets/images/blog/blog-05-1170x600.jpg]
[demo.hasthemes.com/mitech-preview/assets/images/blog/blog-02-500x338.jpg]
[demo.hasthemes.com/mitech-preview/assets/images/blog/blog-03-500x338.jpg]
[demo.hasthemes.com/mitech-preview/assets/images/blog/blog-04-500x338.jpg]
[demo.hasthemes.com/mitech-preview/assets/images/blog/blog-05-500x338.jpg]
[demo.hasthemes.com/mitech-preview/assets/images/blog/blog-02-900x678.jpg]
[demo.hasthemes.com/mitech-preview/assets/images/blog/blog-03-900x678.jpg]
[demo.hasthemes.com/mitech-preview/assets/images/blog/blog-04-900x678.jpg]
[demo.hasthemes.com/mitech-preview/assets/images/blog/blog-05-900x678.jpg]
[demo.hasthemes.com/mitech-preview/assets/images/blog/blog-02-1018x678.jpg]
[demo.hasthemes.com/mitech-preview/assets/images/blog/blog-03-1017x678.jpg]
[demo.hasthemes.com/mitech-preview/assets/images/blog/blog-04-1034x678.jpg]
[demo.hasthemes.com/mitech-preview/assets/images/blog/blog-05-1206x678.jpg]
[demo.hasthemes.com/mitech-preview/element-flexible-image-slider.html]
[demo.hasthemes.com/mitech-preview/assets/js/plugins/wow.min.js]
[demo.hasthemes.com/mitech-preview/assets/js/plugins/swiper.min.js]
[demo.hasthemes.com/mitech-preview/assets/js/plugins/lightgallery.min.js]
[demo.hasthemes.com/mitech-preview/assets/js/plugins/waypoints.min.js]
[demo.hasthemes.com/mitech-preview/assets/js/plugins/countdown.min.js]
[demo.hasthemes.com/mitech-preview/assets/js/plugins/isotope.min.js]
[demo.hasthemes.com/mitech-preview/assets/js/plugins/masonry.min.js]
[demo.hasthemes.com/mitech-preview/assets/js/plugins/images-loaded.min.js]
[demo.hasthemes.com/mitech-preview/assets/js/plugins/wavify.js]
[demo.hasthemes.com/mitech-preview/assets/js/plugins/jquery.wavify.js]
[demo.hasthemes.com/mitech-preview/assets/js/plugins/circle-progress.min.js]
[demo.hasthemes.com/mitech-preview/assets/js/plugins/counterup.min.js]
[demo.hasthemes.com/mitech-preview/assets/js/plugins/animation-text.min.js]
[demo.hasthemes.com/mitech-preview/assets/js/plugins/vivus.min.js]
[demo.hasthemes.com/mitech-preview/element-google-map.html]
[demo.hasthemes.com/mitech-preview/element-gradation.html]
[demo.hasthemes.com/mitech-preview/element-instagram.html]
[demo.hasthemes.com/mitech-preview/element-lists.html]
[demo.hasthemes.com/mitech-preview/element-message-box.html]
[demo.hasthemes.com/mitech-preview/assets/js/plugins/some-plugins.js]
[demo.hasthemes.com/mitech-preview/assets/images/bg/home-processing-video-intro-slider-slide-01-image-01-570x420.jpg]
[demo.hasthemes.com/mitech-preview/element-popup-video.html]
[demo.hasthemes.com/mitech-preview/assets/images/icons/mitech-pricing-box-icon-01-90x90.png]
[demo.hasthemes.com/mitech-preview/assets/images/icons/mitech-pricing-box-icon-02-88x88.png]
[demo.hasthemes.com/mitech-preview/assets/images/icons/mitech-pricing-box-icon-03-90x90.png]
[demo.hasthemes.com/mitech-preview/element-pricing-box.html]
[demo.hasthemes.com/mitech-preview/element-progress-bar.html]
[demo.hasthemes.com/mitech-preview/element-progress-circle.html]
[demo.hasthemes.com/mitech-preview/element-rows-columns.html]
[demo.hasthemes.com/mitech-preview/element-social-networks.html]
[demo.hasthemes.com/mitech-preview/assets/images/bg/home-processing-video-intro-slider-slide-01-image-01-570x350.jpg]
[demo.hasthemes.com/mitech-preview/assets/images/award/mitech-company-award-01-161x110.jpg]
[demo.hasthemes.com/mitech-preview/assets/images/award/mitech-company-award-02-161x116.jpg]
[demo.hasthemes.com/mitech-preview/assets/images/award/mitech-company-award-03-161x112.jpg]
[demo.hasthemes.com/mitech-preview/assets/images/award/mitech-company-award-04-161x109.jpg]
[demo.hasthemes.com/mitech-preview/element-tabs.html]
[demo.hasthemes.com/mitech-preview/assets/images/team/team-member-01-370x250.jpg]
[demo.hasthemes.com/mitech-preview/assets/images/team/team-member-07-370x250.jpg]
[demo.hasthemes.com/mitech-preview/assets/images/team/team-member-04-370x250.jpg]
[demo.hasthemes.com/mitech-preview/assets/images/team/team-member-02-370x250.jpg]
[demo.hasthemes.com/mitech-preview/assets/images/team/team-member-07-370x455.jpg]
[demo.hasthemes.com/mitech-preview/assets/images/team/team-member-01-370x455.jpg]
[demo.hasthemes.com/mitech-preview/assets/images/team/team-member-06-370x455.jpg]
[demo.hasthemes.com/mitech-preview/assets/images/team/team-member-04-370x452.jpg]
[demo.hasthemes.com/mitech-preview/assets/images/team/team-member-05-370x452.jpg]
[demo.hasthemes.com/mitech-preview/assets/images/team/team-member-03-370x452.jpg]
[demo.hasthemes.com/mitech-preview/assets/images/team/team-member-02-370x452.jpg]
[demo.hasthemes.com/mitech-preview/element-team-member.html]
[demo.hasthemes.com/mitech-preview/assets/images/testimonial/mitech-testimonial-avata-02-90x90.jpg]
[demo.hasthemes.com/mitech-preview/assets/images/testimonial/mitech-testimonial-avata-03-90x90.jpg]
[demo.hasthemes.com/mitech-preview/assets/images/testimonial/mitech-testimonial-avata-04-90x90.jpg]
[demo.hasthemes.com/mitech-preview/assets/images/testimonial/mitech-testimonial-avata-01-90x90.jpg]
[demo.hasthemes.com/mitech-preview/assets/images/testimonial/mitech-testimonial-avata-04-70x70.jpg]
[demo.hasthemes.com/mitech-preview/assets/images/testimonial/mitech-testimonial-avata-02-70x70.jpg]
[demo.hasthemes.com/mitech-preview/assets/images/testimonial/mitech-testimonial-avata-01-70x70.jpg]
[demo.hasthemes.com/mitech-preview/assets/images/testimonial/mitech-testimonial-avata-03-70x70.jpg]
[demo.hasthemes.com/mitech-preview/element-testimonials.html]
[demo.hasthemes.com/mitech-preview/assets/images/timeline/timeline-image-01.jpg]
[demo.hasthemes.com/mitech-preview/assets/images/timeline/timeline-image-02.jpg]
[demo.hasthemes.com/mitech-preview/assets/images/timeline/blog-07-500x350.jpg]
[demo.hasthemes.com/mitech-preview/element-timeline.html]
[demo.hasthemes.com/mitech-preview/element-carousel-sliders.html]
[demo.hasthemes.com/mitech-preview/element-typed-text.html]
[demo.hasthemes.com/mitech-preview/assets/images/projects/case-study-01-480x298.jpg]
[demo.hasthemes.com/mitech-preview/assets/images/projects/case-study-02-480x298.jpg]
[demo.hasthemes.com/mitech-preview/assets/images/projects/case-study-03-480x298.jpg]
[demo.hasthemes.com/mitech-preview/assets/images/projects/case-study-04-480x298.jpg]
[demo.hasthemes.com/mitech-preview/index-appointment.html]
[demo.hasthemes.com/mitech-preview/assets/images/hero/home-infotechno-main-slider-slide-01-image-01.png]
[demo.hasthemes.com/mitech-preview/assets/images/hero/home-infotechno-main-slider-slide-01-image-02.png]
[demo.hasthemes.com/mitech-preview/assets/images/blog/blog-03-370x230.jpg]
[demo.hasthemes.com/mitech-preview/assets/images/blog/blog-02-370x230.jpg]
[demo.hasthemes.com/mitech-preview/index-infotechno.html]
[demo.hasthemes.com/mitech-preview/assets/images/hero/slider-processing-slide-01-image-01.png]
[demo.hasthemes.com/mitech-preview/assets/images/banners/home-processing-video-intro-slider-slide-01-image-02.jpg]
[demo.hasthemes.com/mitech-preview/assets/images/banners/home-processing-video-intro-slider-slide-01-image-03.jpg]
[demo.hasthemes.com/mitech-preview/assets/images/banners/home-processing-video-intro-slider-slide-01-image-01.jpg]
[demo.hasthemes.com/mitech-preview/assets/images/banners/home-processing-video-intro-slider-slide-01-image-04.jpg]
[demo.hasthemes.com/mitech-preview/assets/images/banners/home-processing-video-intro-slider-slide-01-image-05.jpg]
[demo.hasthemes.com/mitech-preview/assets/images/box-image/home-processing-software-image-01.jpg]
[demo.hasthemes.com/mitech-preview/assets/images/box-image/home-processing-software-image-02.jpg]
[demo.hasthemes.com/mitech-preview/assets/images/box-image/home-processing-software-image-03.jpg]
[demo.hasthemes.com/mitech-preview/assets/images/box-image/home-processing-software-image-04.jpg]
[demo.hasthemes.com/mitech-preview/assets/images/box-image/mitech-home-infotechno-box-large-image_02-330x330.jpg]
[demo.hasthemes.com/mitech-preview/assets/images/box-image/mitech-home-infotechno-box-large-image_04-330x330.jpg]
[demo.hasthemes.com/mitech-preview/index-processing.html]
[demo.hasthemes.com/mitech-preview/assets/images/features/home-services-case-study-slide-image-01.png]
[demo.hasthemes.com/mitech-preview/assets/images/features/home-services-case-study-slide-image-02.png]
[demo.hasthemes.com/mitech-preview/assets/images/blog/blog-03-540x330.jpg]
[demo.hasthemes.com/mitech-preview/assets/images/team/admin.jpg]
[demo.hasthemes.com/mitech-preview/assets/images/blog/blog-01-480x312.jpg]
[demo.hasthemes.com/mitech-preview/assets/images/blog/blog-08-480x312.jpg]
[demo.hasthemes.com/mitech-preview/assets/images/team/admin-02.jpg]
[demo.hasthemes.com/mitech-preview/assets/images/blog/blog-07-480x312.jpg]
[demo.hasthemes.com/mitech-preview/index-services.html]
[demo.hasthemes.com/mitech-preview/index-resolutions.html]
[demo.hasthemes.com/mitech-preview/assets/images/hero/mitech-slider-cybersecurity-global-image.png]
[demo.hasthemes.com/mitech-preview/assets/images/hero/slider-cybersecurity-slide-01-image-01.png]
[demo.hasthemes.com/mitech-preview/assets/images/other/mitech-slider-client-logos-logo-02.png]
[demo.hasthemes.com/mitech-preview/assets/images/other/mitech-slider-client-logos-logo-03.png]
[demo.hasthemes.com/mitech-preview/assets/images/other/mitech-slider-client-logos-logo-04.png]
[demo.hasthemes.com/mitech-preview/assets/images/other/mitech-slider-client-logos-logo-05.png]
[demo.hasthemes.com/mitech-preview/assets/images/other/mitech-slider-client-logos-logo-01.png]
[demo.hasthemes.com/mitech-preview/assets/images/other/mitech-slider-client-logos-logo-06.png]
[demo.hasthemes.com/mitech-preview/assets/images/other/mitech-slider-client-logos-logo-07.png]
[demo.hasthemes.com/mitech-preview/assets/images/banners/home-cybersecurity-contact-bg-image.png]
[demo.hasthemes.com/mitech-preview/index-cybersecurity.html]
[demo.hasthemes.com/mitech-preview/assets/images/projects/case-study-05-480x298.jpg]
[demo.hasthemes.com/mitech-preview/assets/images/projects/case-study-06-480x298.jpg]
[demo.hasthemes.com/mitech-preview/case-studies.html]
[demo.hasthemes.com/mitech-preview/assets/images/blog/blog-sidebar-ads.jpg]
[demo.hasthemes.com/mitech-preview/assets/images/blog/blog-08-770x420.jpg]
[demo.hasthemes.com/mitech-preview/assets/images/blog/blog-07-770x420.jpg]
[demo.hasthemes.com/mitech-preview/assets/images/blog/blog-05-770x420.jpg]
[demo.hasthemes.com/mitech-preview/assets/images/blog/blog-02-770x420.jpg]
[demo.hasthemes.com/mitech-preview/blog-list-large-image.html]
[demo.hasthemes.com/mitech-preview/assets/fonts/cerebrisans/CerebriSans-Regular.svg]
[demo.hasthemes.com/mitech-preview/assets/fonts/cerebrisans/CerebriSans-Italic.svg]
[demo.hasthemes.com/mitech-preview/assets/fonts/cerebrisans/CerebriSans-Light.svg]
[demo.hasthemes.com/mitech-preview/assets/fonts/cerebrisans/CerebriSans-Medium.svg]
[demo.hasthemes.com/mitech-preview/assets/fonts/cerebrisans/CerebriSans-SemiBold.svg]
[demo.hasthemes.com/mitech-preview/assets/fonts/cerebrisans/CerebriSans-Bold.svg]
[demo.hasthemes.com/mitech-preview/assets/fonts/cerebrisans/CerebriSans-ExtraBold.svg]
[demo.hasthemes.com/mitech-preview/assets/fonts/cerebrisans/CerebriSans-Heavy.svg]
[demo.hasthemes.com/mitech-preview/assets/fonts/fa-brands-400.svg]
[demo.hasthemes.com/mitech-preview/assets/fonts/fa-light-300.svg]
[demo.hasthemes.com/mitech-preview/assets/fonts/fa-regular-400.svg]
[demo.hasthemes.com/mitech-preview/assets/fonts/fa-solid-900.svg]
[demo.hasthemes.com/mitech-preview/assets/fonts/lgd641.svg]
[demo.hasthemes.com/mitech-preview/assets/css/img/vimeo-play.png]
[demo.hasthemes.com/mitech-preview/assets/css/img/video-play.png]
[demo.hasthemes.com/mitech-preview/assets/css/img/youtube-play.png]
[demo.hasthemes.com/mitech-preview/assets/img/loading.gif]
[demo.hasthemes.com/mitech-preview/assets/images/icons/metro-quote.png]
[demo.hasthemes.com/mitech-preview/assets/images/banners/managed-it-services-book-cover.png]
[demo.hasthemes.com/mitech-preview/about-us-01.html]
[demo.hasthemes.com/mitech-preview/assets/images/gallery/blog-07-960x960.jpg]
[demo.hasthemes.com/mitech-preview/assets/images/gallery/careers-gallery-image-01-960x960.jpg]
[demo.hasthemes.com/mitech-preview/assets/images/gallery/blog-08-960x960.jpg]
[demo.hasthemes.com/mitech-preview/assets/images/gallery/blog-06-960x960.jpg]
[demo.hasthemes.com/mitech-preview/about-us-02.html]
[demo.hasthemes.com/mitech-preview/contact-us.html]
[demo.hasthemes.com/mitech-preview/leadership.html]
[demo.hasthemes.com/mitech-preview/why-choose-us.html]
[demo.hasthemes.com/mitech-preview/our-history.html]
[demo.hasthemes.com/mitech-preview/assets/images/bg/faqs-video-poster.jpg]
[demo.hasthemes.com/mitech-preview/faqs.html]
[demo.hasthemes.com/mitech-preview/careers.html]
[demo.hasthemes.com/mitech-preview/pricing-plans.html]
[demo.hasthemes.com/mitech-preview/it-services.html]
[demo.hasthemes.com/mitech-preview/assets/images/bg/managed-it-services-hero-bg.jpg]
[demo.hasthemes.com/mitech-preview/managed-it-service.html]
[demo.hasthemes.com/mitech-preview/industries.html]
[demo.hasthemes.com/mitech-preview/assets/images/bg/business-solution-hero-bg.jpg]
[demo.hasthemes.com/mitech-preview/business-solution.html]
[demo.hasthemes.com/mitech-preview/assets/images/bg/mitech-home-infotechno-box-large-image-03-540x320.jpg]
[demo.hasthemes.com/mitech-preview/it-services-details.html]
[demo.hasthemes.com/mitech-preview/case-studies-02.html]
[demo.hasthemes.com/mitech-preview/assets/images/bg/single-case-study-bg-01.jpg]
[demo.hasthemes.com/mitech-preview/assets/images/icons/mitech-aqua-logo-83x108.png]
[demo.hasthemes.com/mitech-preview/assets/images/projects/case-study-02-120x80.jpg]
[demo.hasthemes.com/mitech-preview/assets/images/projects/case-study-03-120x80.jpg]
[demo.hasthemes.com/mitech-preview/single-smart-vision.html]
[demo.hasthemes.com/mitech-preview/assets/images/blog/blog-01-540x330.jpg]
[demo.hasthemes.com/mitech-preview/assets/images/blog/blog-08-540x330.jpg]
[demo.hasthemes.com/mitech-preview/assets/images/blog/blog-07-540x330.jpg]
[demo.hasthemes.com/mitech-preview/assets/images/blog/blog-05-540x330.jpg]
[demo.hasthemes.com/mitech-preview/assets/images/blog/blog-02-540x330.jpg]
[demo.hasthemes.com/mitech-preview/blog-list-left-large-image.html]
[demo.hasthemes.com/mitech-preview/assets/images/blog/blog-01-370x230.jpg]
[demo.hasthemes.com/mitech-preview/assets/images/blog/blog-08-370x230.jpg]
[demo.hasthemes.com/mitech-preview/assets/images/blog/blog-07-370x230.jpg]
[demo.hasthemes.com/mitech-preview/assets/images/blog/blog-05-370x230.jpg]
[demo.hasthemes.com/mitech-preview/blog-grid-classic.html]
[demo.hasthemes.com/mitech-preview/assets/images/blog/blog-01-370x370.jpg]
[demo.hasthemes.com/mitech-preview/assets/images/blog/blog-08-370x247.jpg]
[demo.hasthemes.com/mitech-preview/assets/images/blog/blog-02-370x246.jpg]
[demo.hasthemes.com/mitech-preview/assets/images/blog/blog-05-370x208.jpg]
[demo.hasthemes.com/mitech-preview/blog-grid-masonry.html]
[demo.hasthemes.com/mitech-preview/assets/images/blog/blog-02-770x400.jpg]
[demo.hasthemes.com/mitech-preview/assets/images/team/avatar-06-90x90.jpg]
[demo.hasthemes.com/mitech-preview/assets/images/blog/blog-03-370x120.jpg]
[demo.hasthemes.com/mitech-preview/assets/images/blog/blog-05-370x120.jpg]
[demo.hasthemes.com/mitech-preview/assets/images/team/coment.jpg]
[demo.hasthemes.com/mitech-preview/assets/images/team/comment-2.jpg]
[demo.hasthemes.com/mitech-preview/assets/images/team/comment-3.jpg]
[demo.hasthemes.com/mitech-preview/assets/images/team/reply-comm.jpg]
[demo.hasthemes.com/mitech-preview/blog-post-layout-one.html]
[demo.hasthemes.com/mitech-preview/assets/images/blog/blog-07-770x400.jpg]
[demo.hasthemes.com/mitech-preview/blog-post-right-sidebar.html]
[demo.hasthemes.com/mitech-preview/assets/images/blog/blog-05-1170x570.jpg]
[demo.hasthemes.com/mitech-preview/blog-post-no-sidebar.html]
[demo.hasthemes.com/mitech-preview/assets/images/svg/linea-basic-heart.svg]
[demo.hasthemes.com/mitech-preview/assets/images/svg/linea-basic-case.svg]
[demo.hasthemes.com/mitech-preview/assets/images/svg/linea-basic-alarm.svg]
[demo.hasthemes.com/mitech-preview/assets/images/svg/linea-basic-geolocalize-05.svg]
[demo.hasthemes.com/mitech-preview/assets/images/svg/linea-ecommerce-money.svg]
[demo.hasthemes.com/mitech-preview/assets/images/svg/linea-basic-spread-text-bookmark.svg]
[demo.hasthemes.com/mitech-preview/assets/images/svg/linea-music-headphones.svg]
[demo.hasthemes.com/mitech-preview/assets/images/svg/linea-basic-gear.svg]
